<?xml version="1.0" encoding="UTF-8"?>
<!-- Generated by org.testng.reporters.JUnitReportReporter -->
<testsuite hostname="Rahul-Dell-PC" failures="0" tests="1" name="test.TestsExamples" time="4.742" errors="0" timestamp="2022-12-15T15:32:05 IST" skipped="0">
  <testcase classname="test.TestsExamples" name="test_1" time="4.742"/>
  <system-out/>
</testsuite> <!-- test.TestsExamples -->
